17:27:05:795[main]INFO   com.loggers.log4j2DemoThis is an log message
17:27:05:800[main]INFO   com.loggers.log4j2DemoThis is an log message
17:27:05:800[main]INFO   com.loggers.log4j2DemoThis is an log message
14:02:43:444[main]DEBUG  org.apache.poi.openxml4j.opc.PackageRelationshipCollectionParsing relationship: /xl/_rels/workbook.xml.rels
14:02:43:452[main]DEBUG  org.apache.poi.openxml4j.opc.PackageRelationshipCollectionParsing relationship: /xl/worksheets/_rels/sheet1.xml.rels
14:02:43:456[main]DEBUG  org.apache.poi.openxml4j.opc.PackageRelationshipCollectionParsing relationship: /_rels/.rels
14:02:43:721[main]TRACE  org.apache.xmlbeans.impl.common.XBeanDebugLoading type system org.apache.poi.schemas.ooxml.system.ooxml
14:02:43:726[main]TRACE  org.apache.xmlbeans.impl.common.XBeanDebugLoading type system org.apache.xmlbeans.metadata.system.sXMLCONFIG
14:02:43:728[main]TRACE  org.apache.xmlbeans.impl.common.XBeanDebugLoading type system org.apache.xmlbeans.metadata.system.sXMLLANG
14:02:43:729[main]TRACE  org.apache.xmlbeans.impl.common.XBeanDebugLoading type system org.apache.xmlbeans.metadata.system.sXMLSCHEMA
14:02:43:730[main]TRACE  org.apache.xmlbeans.impl.common.XBeanDebugLoading type system org.apache.xmlbeans.metadata.system.sXMLTOOLS
14:02:43:731[main]TRACE  org.apache.xmlbeans.impl.common.XBeanDebugReading unresolved handles for type system org.apache.xmlbeans.metadata.system.sXMLTOOLS
14:02:43:747[main]TRACE  org.apache.xmlbeans.impl.common.XBeanDebugFinished loading type system org.apache.xmlbeans.metadata.system.sXMLTOOLS
14:02:43:749[main]TRACE  org.apache.xmlbeans.impl.common.XBeanDebugReading unresolved handles for type system org.apache.xmlbeans.metadata.system.sXMLSCHEMA
14:02:43:755[main]TRACE  org.apache.xmlbeans.impl.common.XBeanDebugFinished loading type system org.apache.xmlbeans.metadata.system.sXMLSCHEMA
14:02:43:757[main]TRACE  org.apache.xmlbeans.impl.common.XBeanDebugReading unresolved handles for type system org.apache.xmlbeans.metadata.system.sXMLLANG
14:02:43:758[main]TRACE  org.apache.xmlbeans.impl.common.XBeanDebugFinished loading type system org.apache.xmlbeans.metadata.system.sXMLLANG
14:02:43:759[main]TRACE  org.apache.xmlbeans.impl.common.XBeanDebugReading unresolved handles for type system org.apache.xmlbeans.metadata.system.sXMLCONFIG
14:02:43:760[main]TRACE  org.apache.xmlbeans.impl.common.XBeanDebugFinished loading type system org.apache.xmlbeans.metadata.system.sXMLCONFIG
14:02:43:761[main]TRACE  org.apache.xmlbeans.impl.common.XBeanDebugReading unresolved handles for type system org.apache.poi.schemas.ooxml.system.ooxml
14:02:43:824[main]TRACE  org.apache.xmlbeans.impl.common.XBeanDebugFinished loading type system org.apache.poi.schemas.ooxml.system.ooxml
14:02:43:825[main]TRACE  org.apache.xmlbeans.impl.common.XBeanDebugResolving type for handle themefd26doctype
14:02:43:872[main]TRACE  org.apache.xmlbeans.impl.common.XBeanDebugResolving type for handle stylesheet5d8bdoctype
14:02:43:880[main]TRACE  org.apache.xmlbeans.impl.common.XBeanDebugResolving type for handle ctstylesheet4257type
14:02:43:885[main]TRACE  org.apache.xmlbeans.impl.common.XBeanDebugResolving type for handle ctfonts6623type
14:02:43:888[main]TRACE  org.apache.xmlbeans.impl.common.XBeanDebugResolving type for handle ctfont14d8type
14:02:43:894[main]TRACE  org.apache.xmlbeans.impl.common.XBeanDebugResolving type for handle ctfills2c6ftype
14:02:43:897[main]TRACE  org.apache.xmlbeans.impl.common.XBeanDebugResolving type for handle ctfill550ctype
14:02:43:899[main]TRACE  org.apache.xmlbeans.impl.common.XBeanDebugResolving type for handle ctborders0d66type
14:02:43:902[main]TRACE  org.apache.xmlbeans.impl.common.XBeanDebugResolving type for handle ctborderf935type
14:02:43:905[main]TRACE  org.apache.xmlbeans.impl.common.XBeanDebugResolving type for handle ctcellxfs1322type
14:02:43:907[main]TRACE  org.apache.xmlbeans.impl.common.XBeanDebugResolving type for handle ctxf97f7type
14:02:43:909[main]TRACE  org.apache.xmlbeans.impl.common.XBeanDebugResolving type for handle ctcellstylexfsa81ftype
14:02:43:911[main]TRACE  org.apache.xmlbeans.impl.common.XBeanDebugResolving type for handle ctdxfsb26atype
14:02:43:915[main]TRACE  org.apache.xmlbeans.impl.common.XBeanDebugResolving type for handle cttablestyles872ftype
14:02:43:919[main]TRACE  org.apache.xmlbeans.impl.common.XBeanDebugResolving type for handle sstf81fdoctype
14:02:43:922[main]TRACE  org.apache.xmlbeans.impl.common.XBeanDebugResolving type for handle ctsst44f3type
14:02:43:930[main]TRACE  org.apache.xmlbeans.impl.common.XBeanDebugResolving type for handle ctrsta472type
14:02:43:948[main]TRACE  org.apache.xmlbeans.impl.common.XBeanDebugResolving type for handle workbookec17doctype
14:02:43:952[main]TRACE  org.apache.xmlbeans.impl.common.XBeanDebugResolving type for handle ctworkbook83c3type
14:02:43:961[main]TRACE  org.apache.xmlbeans.impl.common.XBeanDebugResolving type for handle ctsheets49fdtype
14:02:43:962[main]TRACE  org.apache.xmlbeans.impl.common.XBeanDebugResolving type for handle ctsheet4dbetype
14:02:43:964[main]TRACE  org.apache.xmlbeans.impl.common.XBeanDebugResolving type for handle strelationshipid1e94type
14:02:43:965[main]TRACE  org.apache.xmlbeans.impl.common.XBeanDebugResolving type for handle worksheetf539doctype
14:02:43:969[main]TRACE  org.apache.xmlbeans.impl.common.XBeanDebugResolving type for handle ctworksheet530dtype
14:02:43:986[main]TRACE  org.apache.xmlbeans.impl.common.XBeanDebugResolving type for handle ctcols627ctype
14:02:43:990[main]TRACE  org.apache.xmlbeans.impl.common.XBeanDebugResolving type for handle ctcola95ftype
14:02:44:019[main]TRACE  org.apache.xmlbeans.impl.common.XBeanDebugResolving type for handle ctsheetdata8408type
14:02:44:023[main]TRACE  org.apache.xmlbeans.impl.common.XBeanDebugResolving type for handle ctrowdd39type
14:02:44:031[main]TRACE  org.apache.xmlbeans.impl.common.XBeanDebugResolving type for handle ctcell842btype
14:02:44:038[main]TRACE  org.apache.xmlbeans.impl.common.XBeanDebugResolving type for handle stcellrefe4e0type
14:02:44:043[main]TRACE  org.apache.xmlbeans.impl.common.XBeanDebugResolving type for handle cthyperlinks6416type
14:02:44:046[main]TRACE  org.apache.xmlbeans.impl.common.XBeanDebugResolving type for handle cthyperlink0c85type
14:02:44:053[main]TRACE  org.apache.xmlbeans.impl.common.XBeanDebugResolving type for handle stxstringf179type
14:02:45:775[main]INFO   com.DataDrivenFramework.LoginFoodmanduchrome browser has been launch
14:02:49:315[main]INFO   com.DataDrivenFramework.LoginFoodmanduchrome browser has been redirect to food mandu site
14:02:49:603[main]INFO   com.DataDrivenFramework.LoginFoodmanduUser click on login button homepage
14:02:51:639[main]TRACE  org.apache.xmlbeans.impl.common.XBeanDebugResolving type for handle stcelltypebf95type
14:02:51:822[main]INFO   com.DataDrivenFramework.LoginFoodmanduuser enterbosehe4909@cucadas.comin address field
14:02:54:030[main]INFO   com.DataDrivenFramework.LoginFoodmanduuser entertest@1234in password field
14:02:58:416[main]INFO   com.DataDrivenFramework.LoginFoodmanduuser click on login button in login module
14:03:00:740[main]INFO   com.DataDrivenFramework.LoginFoodmanduuser close chrome browser
14:03:01:831[main]INFO   com.DataDrivenFramework.LoginFoodmanduchrome browser has been launch
14:03:03:980[main]INFO   com.DataDrivenFramework.LoginFoodmanduchrome browser has been redirect to food mandu site
14:03:04:194[main]INFO   com.DataDrivenFramework.LoginFoodmanduUser click on login button homepage
14:03:06:486[main]INFO   com.DataDrivenFramework.LoginFoodmanduuser enterbosehe4909@cucadas.comin address field
14:03:08:660[main]INFO   com.DataDrivenFramework.LoginFoodmanduuser entertestin password field
14:03:12:105[main]INFO   com.DataDrivenFramework.LoginFoodmanduuser click on login button in login module
14:03:14:409[main]INFO   com.DataDrivenFramework.LoginFoodmanduuser close chrome browser
14:03:15:436[main]INFO   com.DataDrivenFramework.LoginFoodmanduchrome browser has been launch
14:03:15:804[main]INFO   com.DataDrivenFramework.LoginFoodmanduchrome browser has been redirect to food mandu site
14:03:17:619[main]INFO   com.DataDrivenFramework.LoginFoodmanduUser click on login button homepage
14:03:19:822[main]INFO   com.DataDrivenFramework.LoginFoodmanduuser enterbasehe4909@cucadas.comin address field
14:03:22:005[main]INFO   com.DataDrivenFramework.LoginFoodmanduuser entertest@1234in password field
14:03:24:970[main]INFO   com.DataDrivenFramework.LoginFoodmanduuser click on login button in login module
14:03:27:205[main]INFO   com.DataDrivenFramework.LoginFoodmanduuser close chrome browser
14:03:28:075[main]INFO   com.DataDrivenFramework.LoginFoodmanduchrome browser has been launch
14:03:30:805[main]INFO   com.DataDrivenFramework.LoginFoodmanduchrome browser has been redirect to food mandu site
14:03:31:111[main]INFO   com.DataDrivenFramework.LoginFoodmanduUser click on login button homepage
14:03:33:334[main]INFO   com.DataDrivenFramework.LoginFoodmanduuser enterboaaehe4909@cucadas.comin address field
14:03:35:539[main]INFO   com.DataDrivenFramework.LoginFoodmanduuser entertestin password field
14:03:38:503[main]INFO   com.DataDrivenFramework.LoginFoodmanduuser click on login button in login module
14:03:40:749[main]INFO   com.DataDrivenFramework.LoginFoodmanduuser close chrome browser
15:54:18:444[main]DEBUG  org.apache.poi.openxml4j.opc.PackageRelationshipCollectionParsing relationship: /xl/_rels/workbook.xml.rels
15:54:18:448[main]DEBUG  org.apache.poi.openxml4j.opc.PackageRelationshipCollectionParsing relationship: /xl/worksheets/_rels/sheet1.xml.rels
15:54:18:450[main]DEBUG  org.apache.poi.openxml4j.opc.PackageRelationshipCollectionParsing relationship: /_rels/.rels
15:54:18:594[main]TRACE  org.apache.xmlbeans.impl.common.XBeanDebugLoading type system org.apache.poi.schemas.ooxml.system.ooxml
15:54:18:597[main]TRACE  org.apache.xmlbeans.impl.common.XBeanDebugLoading type system org.apache.xmlbeans.metadata.system.sXMLCONFIG
15:54:18:598[main]TRACE  org.apache.xmlbeans.impl.common.XBeanDebugLoading type system org.apache.xmlbeans.metadata.system.sXMLLANG
15:54:18:598[main]TRACE  org.apache.xmlbeans.impl.common.XBeanDebugLoading type system org.apache.xmlbeans.metadata.system.sXMLSCHEMA
15:54:18:598[main]TRACE  org.apache.xmlbeans.impl.common.XBeanDebugLoading type system org.apache.xmlbeans.metadata.system.sXMLTOOLS
15:54:18:599[main]TRACE  org.apache.xmlbeans.impl.common.XBeanDebugReading unresolved handles for type system org.apache.xmlbeans.metadata.system.sXMLTOOLS
15:54:18:607[main]TRACE  org.apache.xmlbeans.impl.common.XBeanDebugFinished loading type system org.apache.xmlbeans.metadata.system.sXMLTOOLS
15:54:18:608[main]TRACE  org.apache.xmlbeans.impl.common.XBeanDebugReading unresolved handles for type system org.apache.xmlbeans.metadata.system.sXMLSCHEMA
15:54:18:612[main]TRACE  org.apache.xmlbeans.impl.common.XBeanDebugFinished loading type system org.apache.xmlbeans.metadata.system.sXMLSCHEMA
15:54:18:613[main]TRACE  org.apache.xmlbeans.impl.common.XBeanDebugReading unresolved handles for type system org.apache.xmlbeans.metadata.system.sXMLLANG
15:54:18:614[main]TRACE  org.apache.xmlbeans.impl.common.XBeanDebugFinished loading type system org.apache.xmlbeans.metadata.system.sXMLLANG
15:54:18:614[main]TRACE  org.apache.xmlbeans.impl.common.XBeanDebugReading unresolved handles for type system org.apache.xmlbeans.metadata.system.sXMLCONFIG
15:54:18:615[main]TRACE  org.apache.xmlbeans.impl.common.XBeanDebugFinished loading type system org.apache.xmlbeans.metadata.system.sXMLCONFIG
15:54:18:616[main]TRACE  org.apache.xmlbeans.impl.common.XBeanDebugReading unresolved handles for type system org.apache.poi.schemas.ooxml.system.ooxml
15:54:18:666[main]TRACE  org.apache.xmlbeans.impl.common.XBeanDebugFinished loading type system org.apache.poi.schemas.ooxml.system.ooxml
15:54:18:666[main]TRACE  org.apache.xmlbeans.impl.common.XBeanDebugResolving type for handle themefd26doctype
15:54:18:706[main]TRACE  org.apache.xmlbeans.impl.common.XBeanDebugResolving type for handle stylesheet5d8bdoctype
15:54:18:712[main]TRACE  org.apache.xmlbeans.impl.common.XBeanDebugResolving type for handle ctstylesheet4257type
15:54:18:717[main]TRACE  org.apache.xmlbeans.impl.common.XBeanDebugResolving type for handle ctfonts6623type
15:54:18:720[main]TRACE  org.apache.xmlbeans.impl.common.XBeanDebugResolving type for handle ctfont14d8type
15:54:18:725[main]TRACE  org.apache.xmlbeans.impl.common.XBeanDebugResolving type for handle ctfills2c6ftype
15:54:18:726[main]TRACE  org.apache.xmlbeans.impl.common.XBeanDebugResolving type for handle ctfill550ctype
15:54:18:728[main]TRACE  org.apache.xmlbeans.impl.common.XBeanDebugResolving type for handle ctborders0d66type
15:54:18:730[main]TRACE  org.apache.xmlbeans.impl.common.XBeanDebugResolving type for handle ctborderf935type
15:54:18:733[main]TRACE  org.apache.xmlbeans.impl.common.XBeanDebugResolving type for handle ctcellxfs1322type
15:54:18:735[main]TRACE  org.apache.xmlbeans.impl.common.XBeanDebugResolving type for handle ctxf97f7type
15:54:18:737[main]TRACE  org.apache.xmlbeans.impl.common.XBeanDebugResolving type for handle ctcellstylexfsa81ftype
15:54:18:739[main]TRACE  org.apache.xmlbeans.impl.common.XBeanDebugResolving type for handle ctdxfsb26atype
15:54:18:740[main]TRACE  org.apache.xmlbeans.impl.common.XBeanDebugResolving type for handle cttablestyles872ftype
15:54:18:744[main]TRACE  org.apache.xmlbeans.impl.common.XBeanDebugResolving type for handle sstf81fdoctype
15:54:18:748[main]TRACE  org.apache.xmlbeans.impl.common.XBeanDebugResolving type for handle ctsst44f3type
15:54:18:756[main]TRACE  org.apache.xmlbeans.impl.common.XBeanDebugResolving type for handle ctrsta472type
15:54:18:769[main]TRACE  org.apache.xmlbeans.impl.common.XBeanDebugResolving type for handle workbookec17doctype
15:54:18:773[main]TRACE  org.apache.xmlbeans.impl.common.XBeanDebugResolving type for handle ctworkbook83c3type
15:54:18:782[main]TRACE  org.apache.xmlbeans.impl.common.XBeanDebugResolving type for handle ctsheets49fdtype
15:54:18:784[main]TRACE  org.apache.xmlbeans.impl.common.XBeanDebugResolving type for handle ctsheet4dbetype
15:54:18:785[main]TRACE  org.apache.xmlbeans.impl.common.XBeanDebugResolving type for handle strelationshipid1e94type
15:54:18:786[main]TRACE  org.apache.xmlbeans.impl.common.XBeanDebugResolving type for handle worksheetf539doctype
15:54:18:792[main]TRACE  org.apache.xmlbeans.impl.common.XBeanDebugResolving type for handle ctworksheet530dtype
15:54:18:798[main]TRACE  org.apache.xmlbeans.impl.common.XBeanDebugResolving type for handle ctcols627ctype
15:54:18:802[main]TRACE  org.apache.xmlbeans.impl.common.XBeanDebugResolving type for handle ctcola95ftype
15:54:18:816[main]TRACE  org.apache.xmlbeans.impl.common.XBeanDebugResolving type for handle ctsheetdata8408type
15:54:18:818[main]TRACE  org.apache.xmlbeans.impl.common.XBeanDebugResolving type for handle ctrowdd39type
15:54:18:821[main]TRACE  org.apache.xmlbeans.impl.common.XBeanDebugResolving type for handle ctcell842btype
15:54:18:828[main]TRACE  org.apache.xmlbeans.impl.common.XBeanDebugResolving type for handle stcellrefe4e0type
15:54:18:832[main]TRACE  org.apache.xmlbeans.impl.common.XBeanDebugResolving type for handle cthyperlinks6416type
15:54:18:834[main]TRACE  org.apache.xmlbeans.impl.common.XBeanDebugResolving type for handle cthyperlink0c85type
15:54:18:840[main]TRACE  org.apache.xmlbeans.impl.common.XBeanDebugResolving type for handle stxstringf179type
15:54:22:051[main]INFO   com.DataDrivenFramework.LoginFoodmanduchrome browser has been launch
15:54:24:135[main]INFO   com.DataDrivenFramework.LoginFoodmanduchrome browser has been redirect to food mandu site
15:54:24:355[main]INFO   com.DataDrivenFramework.LoginFoodmanduUser click on login button homepage
15:54:26:384[main]TRACE  org.apache.xmlbeans.impl.common.XBeanDebugResolving type for handle stcelltypebf95type
15:54:26:527[main]INFO   com.DataDrivenFramework.LoginFoodmanduuser enterbosehe4909@cucadas.comin address field
15:54:28:654[main]INFO   com.DataDrivenFramework.LoginFoodmanduuser entertest@1234in password field
15:54:36:124[main]INFO   com.DataDrivenFramework.LoginFoodmanduuser click on login button in login module
15:54:38:384[main]INFO   com.DataDrivenFramework.LoginFoodmanduuser close chrome browser
15:54:39:246[main]INFO   com.DataDrivenFramework.LoginFoodmanduchrome browser has been launch
15:54:44:928[main]INFO   com.DataDrivenFramework.LoginFoodmanduchrome browser has been redirect to food mandu site
15:54:45:187[main]INFO   com.DataDrivenFramework.LoginFoodmanduUser click on login button homepage
15:54:47:353[main]INFO   com.DataDrivenFramework.LoginFoodmanduuser enterbosehe4909@cucadas.comin address field
15:54:49:461[main]INFO   com.DataDrivenFramework.LoginFoodmanduuser entertestin password field
15:54:54:058[main]INFO   com.DataDrivenFramework.LoginFoodmanduuser click on login button in login module
15:54:56:432[main]INFO   com.DataDrivenFramework.LoginFoodmanduuser close chrome browser
15:54:57:180[main]INFO   com.DataDrivenFramework.LoginFoodmanduchrome browser has been launch
15:54:59:514[main]INFO   com.DataDrivenFramework.LoginFoodmanduchrome browser has been redirect to food mandu site
15:54:59:686[main]INFO   com.DataDrivenFramework.LoginFoodmanduUser click on login button homepage
15:55:01:828[main]INFO   com.DataDrivenFramework.LoginFoodmanduuser enterbasehe4909@cucadas.comin address field
15:55:03:997[main]INFO   com.DataDrivenFramework.LoginFoodmanduuser entertest@1234in password field
15:55:07:044[main]INFO   com.DataDrivenFramework.LoginFoodmanduuser click on login button in login module
15:55:10:814[main]INFO   com.DataDrivenFramework.LoginFoodmanduuser close chrome browser
15:55:11:538[main]INFO   com.DataDrivenFramework.LoginFoodmanduchrome browser has been launch
15:55:17:339[main]INFO   com.DataDrivenFramework.LoginFoodmanduchrome browser has been redirect to food mandu site
15:55:17:616[main]INFO   com.DataDrivenFramework.LoginFoodmanduUser click on login button homepage
15:55:19:845[main]INFO   com.DataDrivenFramework.LoginFoodmanduuser enterboaaehe4909@cucadas.comin address field
15:55:22:019[main]INFO   com.DataDrivenFramework.LoginFoodmanduuser entertestin password field
15:55:25:131[main]INFO   com.DataDrivenFramework.LoginFoodmanduuser click on login button in login module
15:55:27:360[main]INFO   com.DataDrivenFramework.LoginFoodmanduuser close chrome browser
16:02:23:561[main]DEBUG  org.apache.poi.openxml4j.opc.PackageRelationshipCollectionParsing relationship: /xl/_rels/workbook.xml.rels
16:02:23:574[main]DEBUG  org.apache.poi.openxml4j.opc.PackageRelationshipCollectionParsing relationship: /_rels/.rels
16:02:23:952[main]TRACE  org.apache.xmlbeans.impl.common.XBeanDebugLoading type system org.apache.poi.schemas.ooxml.system.ooxml
16:02:23:958[main]TRACE  org.apache.xmlbeans.impl.common.XBeanDebugLoading type system org.apache.xmlbeans.metadata.system.sXMLCONFIG
16:02:23:961[main]TRACE  org.apache.xmlbeans.impl.common.XBeanDebugLoading type system org.apache.xmlbeans.metadata.system.sXMLLANG
16:02:23:962[main]TRACE  org.apache.xmlbeans.impl.common.XBeanDebugLoading type system org.apache.xmlbeans.metadata.system.sXMLSCHEMA
16:02:23:963[main]TRACE  org.apache.xmlbeans.impl.common.XBeanDebugLoading type system org.apache.xmlbeans.metadata.system.sXMLTOOLS
16:02:23:965[main]TRACE  org.apache.xmlbeans.impl.common.XBeanDebugReading unresolved handles for type system org.apache.xmlbeans.metadata.system.sXMLTOOLS
16:02:23:989[main]TRACE  org.apache.xmlbeans.impl.common.XBeanDebugFinished loading type system org.apache.xmlbeans.metadata.system.sXMLTOOLS
16:02:23:991[main]TRACE  org.apache.xmlbeans.impl.common.XBeanDebugReading unresolved handles for type system org.apache.xmlbeans.metadata.system.sXMLSCHEMA
16:02:24:005[main]TRACE  org.apache.xmlbeans.impl.common.XBeanDebugFinished loading type system org.apache.xmlbeans.metadata.system.sXMLSCHEMA
16:02:24:007[main]TRACE  org.apache.xmlbeans.impl.common.XBeanDebugReading unresolved handles for type system org.apache.xmlbeans.metadata.system.sXMLLANG
16:02:24:010[main]TRACE  org.apache.xmlbeans.impl.common.XBeanDebugFinished loading type system org.apache.xmlbeans.metadata.system.sXMLLANG
16:02:24:011[main]TRACE  org.apache.xmlbeans.impl.common.XBeanDebugReading unresolved handles for type system org.apache.xmlbeans.metadata.system.sXMLCONFIG
16:02:24:013[main]TRACE  org.apache.xmlbeans.impl.common.XBeanDebugFinished loading type system org.apache.xmlbeans.metadata.system.sXMLCONFIG
16:02:24:014[main]TRACE  org.apache.xmlbeans.impl.common.XBeanDebugReading unresolved handles for type system org.apache.poi.schemas.ooxml.system.ooxml
16:02:24:169[main]TRACE  org.apache.xmlbeans.impl.common.XBeanDebugFinished loading type system org.apache.poi.schemas.ooxml.system.ooxml
16:02:24:171[main]TRACE  org.apache.xmlbeans.impl.common.XBeanDebugResolving type for handle themefd26doctype
16:02:24:308[main]TRACE  org.apache.xmlbeans.impl.common.XBeanDebugResolving type for handle stylesheet5d8bdoctype
16:02:24:319[main]TRACE  org.apache.xmlbeans.impl.common.XBeanDebugResolving type for handle ctstylesheet4257type
16:02:24:335[main]TRACE  org.apache.xmlbeans.impl.common.XBeanDebugResolving type for handle ctfonts6623type
16:02:24:342[main]TRACE  org.apache.xmlbeans.impl.common.XBeanDebugResolving type for handle ctfont14d8type
16:02:24:355[main]TRACE  org.apache.xmlbeans.impl.common.XBeanDebugResolving type for handle ctfills2c6ftype
16:02:24:361[main]TRACE  org.apache.xmlbeans.impl.common.XBeanDebugResolving type for handle ctfill550ctype
16:02:24:366[main]TRACE  org.apache.xmlbeans.impl.common.XBeanDebugResolving type for handle ctborders0d66type
16:02:24:371[main]TRACE  org.apache.xmlbeans.impl.common.XBeanDebugResolving type for handle ctborderf935type
16:02:24:379[main]TRACE  org.apache.xmlbeans.impl.common.XBeanDebugResolving type for handle ctcellxfs1322type
16:02:24:385[main]TRACE  org.apache.xmlbeans.impl.common.XBeanDebugResolving type for handle ctxf97f7type
16:02:24:392[main]TRACE  org.apache.xmlbeans.impl.common.XBeanDebugResolving type for handle ctcellstylexfsa81ftype
16:02:24:400[main]TRACE  org.apache.xmlbeans.impl.common.XBeanDebugResolving type for handle ctdxfsb26atype
16:02:24:406[main]TRACE  org.apache.xmlbeans.impl.common.XBeanDebugResolving type for handle cttablestyles872ftype
16:02:24:413[main]TRACE  org.apache.xmlbeans.impl.common.XBeanDebugResolving type for handle sstf81fdoctype
16:02:24:422[main]TRACE  org.apache.xmlbeans.impl.common.XBeanDebugResolving type for handle ctsst44f3type
16:02:24:440[main]TRACE  org.apache.xmlbeans.impl.common.XBeanDebugResolving type for handle ctrsta472type
16:02:24:475[main]TRACE  org.apache.xmlbeans.impl.common.XBeanDebugResolving type for handle workbookec17doctype
16:02:24:485[main]TRACE  org.apache.xmlbeans.impl.common.XBeanDebugResolving type for handle ctworkbook83c3type
16:02:24:509[main]TRACE  org.apache.xmlbeans.impl.common.XBeanDebugResolving type for handle ctsheets49fdtype
16:02:24:513[main]TRACE  org.apache.xmlbeans.impl.common.XBeanDebugResolving type for handle ctsheet4dbetype
16:02:24:517[main]TRACE  org.apache.xmlbeans.impl.common.XBeanDebugResolving type for handle strelationshipid1e94type
16:02:24:520[main]TRACE  org.apache.xmlbeans.impl.common.XBeanDebugResolving type for handle worksheetf539doctype
16:02:24:529[main]TRACE  org.apache.xmlbeans.impl.common.XBeanDebugResolving type for handle ctworksheet530dtype
16:02:24:545[main]TRACE  org.apache.xmlbeans.impl.common.XBeanDebugResolving type for handle ctcols627ctype
16:02:24:554[main]TRACE  org.apache.xmlbeans.impl.common.XBeanDebugResolving type for handle ctcola95ftype
16:02:24:586[main]TRACE  org.apache.xmlbeans.impl.common.XBeanDebugResolving type for handle ctsheetdata8408type
16:02:24:593[main]TRACE  org.apache.xmlbeans.impl.common.XBeanDebugResolving type for handle ctrowdd39type
16:02:24:601[main]TRACE  org.apache.xmlbeans.impl.common.XBeanDebugResolving type for handle ctcell842btype
16:02:24:616[main]TRACE  org.apache.xmlbeans.impl.common.XBeanDebugResolving type for handle stcellrefe4e0type
16:02:24:634[main]TRACE  org.apache.xmlbeans.impl.common.XBeanDebugResolving type for handle stxstringf179type
16:02:24:640[main]TRACE  org.apache.xmlbeans.impl.common.XBeanDebugResolving type for handle stcelltypebf95type
16:23:35:940[main]DEBUG  org.apache.poi.openxml4j.opc.PackageRelationshipCollectionParsing relationship: /xl/_rels/workbook.xml.rels
16:23:35:951[main]DEBUG  org.apache.poi.openxml4j.opc.PackageRelationshipCollectionParsing relationship: /_rels/.rels
16:23:36:329[main]TRACE  org.apache.xmlbeans.impl.common.XBeanDebugLoading type system org.apache.poi.schemas.ooxml.system.ooxml
16:23:36:336[main]TRACE  org.apache.xmlbeans.impl.common.XBeanDebugLoading type system org.apache.xmlbeans.metadata.system.sXMLCONFIG
16:23:36:338[main]TRACE  org.apache.xmlbeans.impl.common.XBeanDebugLoading type system org.apache.xmlbeans.metadata.system.sXMLLANG
16:23:36:339[main]TRACE  org.apache.xmlbeans.impl.common.XBeanDebugLoading type system org.apache.xmlbeans.metadata.system.sXMLSCHEMA
16:23:36:341[main]TRACE  org.apache.xmlbeans.impl.common.XBeanDebugLoading type system org.apache.xmlbeans.metadata.system.sXMLTOOLS
16:23:36:343[main]TRACE  org.apache.xmlbeans.impl.common.XBeanDebugReading unresolved handles for type system org.apache.xmlbeans.metadata.system.sXMLTOOLS
16:23:36:366[main]TRACE  org.apache.xmlbeans.impl.common.XBeanDebugFinished loading type system org.apache.xmlbeans.metadata.system.sXMLTOOLS
16:23:36:368[main]TRACE  org.apache.xmlbeans.impl.common.XBeanDebugReading unresolved handles for type system org.apache.xmlbeans.metadata.system.sXMLSCHEMA
16:23:36:379[main]TRACE  org.apache.xmlbeans.impl.common.XBeanDebugFinished loading type system org.apache.xmlbeans.metadata.system.sXMLSCHEMA
16:23:36:381[main]TRACE  org.apache.xmlbeans.impl.common.XBeanDebugReading unresolved handles for type system org.apache.xmlbeans.metadata.system.sXMLLANG
16:23:36:383[main]TRACE  org.apache.xmlbeans.impl.common.XBeanDebugFinished loading type system org.apache.xmlbeans.metadata.system.sXMLLANG
16:23:36:385[main]TRACE  org.apache.xmlbeans.impl.common.XBeanDebugReading unresolved handles for type system org.apache.xmlbeans.metadata.system.sXMLCONFIG
16:23:36:387[main]TRACE  org.apache.xmlbeans.impl.common.XBeanDebugFinished loading type system org.apache.xmlbeans.metadata.system.sXMLCONFIG
16:23:36:389[main]TRACE  org.apache.xmlbeans.impl.common.XBeanDebugReading unresolved handles for type system org.apache.poi.schemas.ooxml.system.ooxml
16:23:36:534[main]TRACE  org.apache.xmlbeans.impl.common.XBeanDebugFinished loading type system org.apache.poi.schemas.ooxml.system.ooxml
16:23:36:537[main]TRACE  org.apache.xmlbeans.impl.common.XBeanDebugResolving type for handle themefd26doctype
16:23:36:664[main]TRACE  org.apache.xmlbeans.impl.common.XBeanDebugResolving type for handle stylesheet5d8bdoctype
16:23:36:677[main]TRACE  org.apache.xmlbeans.impl.common.XBeanDebugResolving type for handle ctstylesheet4257type
16:23:36:687[main]TRACE  org.apache.xmlbeans.impl.common.XBeanDebugResolving type for handle ctfonts6623type
16:23:36:693[main]TRACE  org.apache.xmlbeans.impl.common.XBeanDebugResolving type for handle ctfont14d8type
16:23:36:708[main]TRACE  org.apache.xmlbeans.impl.common.XBeanDebugResolving type for handle ctfills2c6ftype
16:23:36:712[main]TRACE  org.apache.xmlbeans.impl.common.XBeanDebugResolving type for handle ctfill550ctype
16:23:36:717[main]TRACE  org.apache.xmlbeans.impl.common.XBeanDebugResolving type for handle ctborders0d66type
16:23:36:722[main]TRACE  org.apache.xmlbeans.impl.common.XBeanDebugResolving type for handle ctborderf935type
16:23:36:730[main]TRACE  org.apache.xmlbeans.impl.common.XBeanDebugResolving type for handle ctcellxfs1322type
16:23:36:736[main]TRACE  org.apache.xmlbeans.impl.common.XBeanDebugResolving type for handle ctxf97f7type
16:23:36:745[main]TRACE  org.apache.xmlbeans.impl.common.XBeanDebugResolving type for handle ctcellstylexfsa81ftype
16:23:36:751[main]TRACE  org.apache.xmlbeans.impl.common.XBeanDebugResolving type for handle ctdxfsb26atype
16:23:36:757[main]TRACE  org.apache.xmlbeans.impl.common.XBeanDebugResolving type for handle cttablestyles872ftype
16:23:36:764[main]TRACE  org.apache.xmlbeans.impl.common.XBeanDebugResolving type for handle sstf81fdoctype
16:23:36:773[main]TRACE  org.apache.xmlbeans.impl.common.XBeanDebugResolving type for handle ctsst44f3type
16:23:36:790[main]TRACE  org.apache.xmlbeans.impl.common.XBeanDebugResolving type for handle ctrsta472type
16:23:36:823[main]TRACE  org.apache.xmlbeans.impl.common.XBeanDebugResolving type for handle workbookec17doctype
16:23:36:834[main]TRACE  org.apache.xmlbeans.impl.common.XBeanDebugResolving type for handle ctworkbook83c3type
16:23:36:858[main]TRACE  org.apache.xmlbeans.impl.common.XBeanDebugResolving type for handle ctsheets49fdtype
16:23:36:862[main]TRACE  org.apache.xmlbeans.impl.common.XBeanDebugResolving type for handle ctsheet4dbetype
16:23:36:867[main]TRACE  org.apache.xmlbeans.impl.common.XBeanDebugResolving type for handle strelationshipid1e94type
16:23:36:871[main]TRACE  org.apache.xmlbeans.impl.common.XBeanDebugResolving type for handle worksheetf539doctype
16:23:36:881[main]TRACE  org.apache.xmlbeans.impl.common.XBeanDebugResolving type for handle ctworksheet530dtype
16:23:36:897[main]TRACE  org.apache.xmlbeans.impl.common.XBeanDebugResolving type for handle ctcols627ctype
16:23:36:907[main]TRACE  org.apache.xmlbeans.impl.common.XBeanDebugResolving type for handle ctcola95ftype
16:23:36:942[main]TRACE  org.apache.xmlbeans.impl.common.XBeanDebugResolving type for handle ctsheetdata8408type
16:23:36:947[main]TRACE  org.apache.xmlbeans.impl.common.XBeanDebugResolving type for handle ctrowdd39type
16:23:36:956[main]TRACE  org.apache.xmlbeans.impl.common.XBeanDebugResolving type for handle ctcell842btype
16:23:36:971[main]TRACE  org.apache.xmlbeans.impl.common.XBeanDebugResolving type for handle stcellrefe4e0type
16:23:36:985[main]TRACE  org.apache.xmlbeans.impl.common.XBeanDebugResolving type for handle stxstringf179type
16:23:36:991[main]TRACE  org.apache.xmlbeans.impl.common.XBeanDebugResolving type for handle stcelltypebf95type
16:37:14:103[main]DEBUG  org.apache.poi.openxml4j.opc.PackageRelationshipCollectionParsing relationship: /xl/_rels/workbook.xml.rels
16:37:14:116[main]DEBUG  org.apache.poi.openxml4j.opc.PackageRelationshipCollectionParsing relationship: /_rels/.rels
16:37:14:496[main]TRACE  org.apache.xmlbeans.impl.common.XBeanDebugLoading type system org.apache.poi.schemas.ooxml.system.ooxml
16:37:14:502[main]TRACE  org.apache.xmlbeans.impl.common.XBeanDebugLoading type system org.apache.xmlbeans.metadata.system.sXMLCONFIG
16:37:14:505[main]TRACE  org.apache.xmlbeans.impl.common.XBeanDebugLoading type system org.apache.xmlbeans.metadata.system.sXMLLANG
16:37:14:507[main]TRACE  org.apache.xmlbeans.impl.common.XBeanDebugLoading type system org.apache.xmlbeans.metadata.system.sXMLSCHEMA
16:37:14:508[main]TRACE  org.apache.xmlbeans.impl.common.XBeanDebugLoading type system org.apache.xmlbeans.metadata.system.sXMLTOOLS
16:37:14:509[main]TRACE  org.apache.xmlbeans.impl.common.XBeanDebugReading unresolved handles for type system org.apache.xmlbeans.metadata.system.sXMLTOOLS
16:37:14:533[main]TRACE  org.apache.xmlbeans.impl.common.XBeanDebugFinished loading type system org.apache.xmlbeans.metadata.system.sXMLTOOLS
16:37:14:535[main]TRACE  org.apache.xmlbeans.impl.common.XBeanDebugReading unresolved handles for type system org.apache.xmlbeans.metadata.system.sXMLSCHEMA
16:37:14:546[main]TRACE  org.apache.xmlbeans.impl.common.XBeanDebugFinished loading type system org.apache.xmlbeans.metadata.system.sXMLSCHEMA
16:37:14:548[main]TRACE  org.apache.xmlbeans.impl.common.XBeanDebugReading unresolved handles for type system org.apache.xmlbeans.metadata.system.sXMLLANG
16:37:14:550[main]TRACE  org.apache.xmlbeans.impl.common.XBeanDebugFinished loading type system org.apache.xmlbeans.metadata.system.sXMLLANG
16:37:14:552[main]TRACE  org.apache.xmlbeans.impl.common.XBeanDebugReading unresolved handles for type system org.apache.xmlbeans.metadata.system.sXMLCONFIG
16:37:14:555[main]TRACE  org.apache.xmlbeans.impl.common.XBeanDebugFinished loading type system org.apache.xmlbeans.metadata.system.sXMLCONFIG
16:37:14:556[main]TRACE  org.apache.xmlbeans.impl.common.XBeanDebugReading unresolved handles for type system org.apache.poi.schemas.ooxml.system.ooxml
16:37:14:695[main]TRACE  org.apache.xmlbeans.impl.common.XBeanDebugFinished loading type system org.apache.poi.schemas.ooxml.system.ooxml
16:37:14:697[main]TRACE  org.apache.xmlbeans.impl.common.XBeanDebugResolving type for handle themefd26doctype
16:37:14:839[main]TRACE  org.apache.xmlbeans.impl.common.XBeanDebugResolving type for handle stylesheet5d8bdoctype
16:37:14:851[main]TRACE  org.apache.xmlbeans.impl.common.XBeanDebugResolving type for handle ctstylesheet4257type
16:37:14:861[main]TRACE  org.apache.xmlbeans.impl.common.XBeanDebugResolving type for handle ctfonts6623type
16:37:14:868[main]TRACE  org.apache.xmlbeans.impl.common.XBeanDebugResolving type for handle ctfont14d8type
16:37:14:883[main]TRACE  org.apache.xmlbeans.impl.common.XBeanDebugResolving type for handle ctfills2c6ftype
16:37:14:889[main]TRACE  org.apache.xmlbeans.impl.common.XBeanDebugResolving type for handle ctfill550ctype
16:37:14:893[main]TRACE  org.apache.xmlbeans.impl.common.XBeanDebugResolving type for handle ctborders0d66type
16:37:14:900[main]TRACE  org.apache.xmlbeans.impl.common.XBeanDebugResolving type for handle ctborderf935type
16:37:14:907[main]TRACE  org.apache.xmlbeans.impl.common.XBeanDebugResolving type for handle ctcellxfs1322type
16:37:14:914[main]TRACE  org.apache.xmlbeans.impl.common.XBeanDebugResolving type for handle ctxf97f7type
16:37:14:921[main]TRACE  org.apache.xmlbeans.impl.common.XBeanDebugResolving type for handle ctcellstylexfsa81ftype
16:37:14:926[main]TRACE  org.apache.xmlbeans.impl.common.XBeanDebugResolving type for handle ctdxfsb26atype
16:37:14:932[main]TRACE  org.apache.xmlbeans.impl.common.XBeanDebugResolving type for handle cttablestyles872ftype
16:37:14:939[main]TRACE  org.apache.xmlbeans.impl.common.XBeanDebugResolving type for handle sstf81fdoctype
16:37:14:947[main]TRACE  org.apache.xmlbeans.impl.common.XBeanDebugResolving type for handle ctsst44f3type
16:37:14:965[main]TRACE  org.apache.xmlbeans.impl.common.XBeanDebugResolving type for handle ctrsta472type
16:37:14:993[main]TRACE  org.apache.xmlbeans.impl.common.XBeanDebugResolving type for handle workbookec17doctype
16:37:15:002[main]TRACE  org.apache.xmlbeans.impl.common.XBeanDebugResolving type for handle ctworkbook83c3type
16:37:15:032[main]TRACE  org.apache.xmlbeans.impl.common.XBeanDebugResolving type for handle ctsheets49fdtype
16:37:15:038[main]TRACE  org.apache.xmlbeans.impl.common.XBeanDebugResolving type for handle ctsheet4dbetype
16:37:15:043[main]TRACE  org.apache.xmlbeans.impl.common.XBeanDebugResolving type for handle strelationshipid1e94type
16:37:15:049[main]TRACE  org.apache.xmlbeans.impl.common.XBeanDebugResolving type for handle worksheetf539doctype
16:37:15:060[main]TRACE  org.apache.xmlbeans.impl.common.XBeanDebugResolving type for handle ctworksheet530dtype
16:37:15:080[main]TRACE  org.apache.xmlbeans.impl.common.XBeanDebugResolving type for handle ctcols627ctype
16:37:15:091[main]TRACE  org.apache.xmlbeans.impl.common.XBeanDebugResolving type for handle ctcola95ftype
16:37:15:123[main]TRACE  org.apache.xmlbeans.impl.common.XBeanDebugResolving type for handle ctsheetdata8408type
16:37:15:129[main]TRACE  org.apache.xmlbeans.impl.common.XBeanDebugResolving type for handle ctrowdd39type
16:37:15:137[main]TRACE  org.apache.xmlbeans.impl.common.XBeanDebugResolving type for handle ctcell842btype
16:37:15:150[main]TRACE  org.apache.xmlbeans.impl.common.XBeanDebugResolving type for handle stcellrefe4e0type
16:37:15:163[main]TRACE  org.apache.xmlbeans.impl.common.XBeanDebugResolving type for handle stxstringf179type
16:37:15:169[main]TRACE  org.apache.xmlbeans.impl.common.XBeanDebugResolving type for handle stcelltypebf95type
16:43:00:778[main]DEBUG  org.apache.poi.openxml4j.opc.PackageRelationshipCollectionParsing relationship: /xl/_rels/workbook.xml.rels
16:43:00:783[main]DEBUG  org.apache.poi.openxml4j.opc.PackageRelationshipCollectionParsing relationship: /xl/worksheets/_rels/sheet1.xml.rels
16:43:00:785[main]DEBUG  org.apache.poi.openxml4j.opc.PackageRelationshipCollectionParsing relationship: /_rels/.rels
16:43:00:908[main]TRACE  org.apache.xmlbeans.impl.common.XBeanDebugLoading type system org.apache.poi.schemas.ooxml.system.ooxml
16:43:00:910[main]TRACE  org.apache.xmlbeans.impl.common.XBeanDebugLoading type system org.apache.xmlbeans.metadata.system.sXMLCONFIG
16:43:00:911[main]TRACE  org.apache.xmlbeans.impl.common.XBeanDebugLoading type system org.apache.xmlbeans.metadata.system.sXMLLANG
16:43:00:912[main]TRACE  org.apache.xmlbeans.impl.common.XBeanDebugLoading type system org.apache.xmlbeans.metadata.system.sXMLSCHEMA
16:43:00:913[main]TRACE  org.apache.xmlbeans.impl.common.XBeanDebugLoading type system org.apache.xmlbeans.metadata.system.sXMLTOOLS
16:43:00:913[main]TRACE  org.apache.xmlbeans.impl.common.XBeanDebugReading unresolved handles for type system org.apache.xmlbeans.metadata.system.sXMLTOOLS
16:43:00:922[main]TRACE  org.apache.xmlbeans.impl.common.XBeanDebugFinished loading type system org.apache.xmlbeans.metadata.system.sXMLTOOLS
16:43:00:923[main]TRACE  org.apache.xmlbeans.impl.common.XBeanDebugReading unresolved handles for type system org.apache.xmlbeans.metadata.system.sXMLSCHEMA
16:43:00:928[main]TRACE  org.apache.xmlbeans.impl.common.XBeanDebugFinished loading type system org.apache.xmlbeans.metadata.system.sXMLSCHEMA
16:43:00:929[main]TRACE  org.apache.xmlbeans.impl.common.XBeanDebugReading unresolved handles for type system org.apache.xmlbeans.metadata.system.sXMLLANG
16:43:00:929[main]TRACE  org.apache.xmlbeans.impl.common.XBeanDebugFinished loading type system org.apache.xmlbeans.metadata.system.sXMLLANG
16:43:00:930[main]TRACE  org.apache.xmlbeans.impl.common.XBeanDebugReading unresolved handles for type system org.apache.xmlbeans.metadata.system.sXMLCONFIG
16:43:00:931[main]TRACE  org.apache.xmlbeans.impl.common.XBeanDebugFinished loading type system org.apache.xmlbeans.metadata.system.sXMLCONFIG
16:43:00:931[main]TRACE  org.apache.xmlbeans.impl.common.XBeanDebugReading unresolved handles for type system org.apache.poi.schemas.ooxml.system.ooxml
16:43:00:983[main]TRACE  org.apache.xmlbeans.impl.common.XBeanDebugFinished loading type system org.apache.poi.schemas.ooxml.system.ooxml
16:43:00:984[main]TRACE  org.apache.xmlbeans.impl.common.XBeanDebugResolving type for handle themefd26doctype
16:43:01:022[main]TRACE  org.apache.xmlbeans.impl.common.XBeanDebugResolving type for handle stylesheet5d8bdoctype
16:43:01:027[main]TRACE  org.apache.xmlbeans.impl.common.XBeanDebugResolving type for handle ctstylesheet4257type
16:43:01:030[main]TRACE  org.apache.xmlbeans.impl.common.XBeanDebugResolving type for handle ctfonts6623type
16:43:01:033[main]TRACE  org.apache.xmlbeans.impl.common.XBeanDebugResolving type for handle ctfont14d8type
16:43:01:037[main]TRACE  org.apache.xmlbeans.impl.common.XBeanDebugResolving type for handle ctfills2c6ftype
16:43:01:039[main]TRACE  org.apache.xmlbeans.impl.common.XBeanDebugResolving type for handle ctfill550ctype
16:43:01:041[main]TRACE  org.apache.xmlbeans.impl.common.XBeanDebugResolving type for handle ctborders0d66type
16:43:01:042[main]TRACE  org.apache.xmlbeans.impl.common.XBeanDebugResolving type for handle ctborderf935type
16:43:01:045[main]TRACE  org.apache.xmlbeans.impl.common.XBeanDebugResolving type for handle ctcellxfs1322type
16:43:01:047[main]TRACE  org.apache.xmlbeans.impl.common.XBeanDebugResolving type for handle ctxf97f7type
16:43:01:049[main]TRACE  org.apache.xmlbeans.impl.common.XBeanDebugResolving type for handle ctcellstylexfsa81ftype
16:43:01:050[main]TRACE  org.apache.xmlbeans.impl.common.XBeanDebugResolving type for handle ctdxfsb26atype
16:43:01:051[main]TRACE  org.apache.xmlbeans.impl.common.XBeanDebugResolving type for handle cttablestyles872ftype
16:43:01:053[main]TRACE  org.apache.xmlbeans.impl.common.XBeanDebugResolving type for handle sstf81fdoctype
16:43:01:056[main]TRACE  org.apache.xmlbeans.impl.common.XBeanDebugResolving type for handle ctsst44f3type
16:43:01:065[main]TRACE  org.apache.xmlbeans.impl.common.XBeanDebugResolving type for handle ctrsta472type
16:43:01:083[main]TRACE  org.apache.xmlbeans.impl.common.XBeanDebugResolving type for handle workbookec17doctype
16:43:01:087[main]TRACE  org.apache.xmlbeans.impl.common.XBeanDebugResolving type for handle ctworkbook83c3type
16:43:01:096[main]TRACE  org.apache.xmlbeans.impl.common.XBeanDebugResolving type for handle ctsheets49fdtype
16:43:01:097[main]TRACE  org.apache.xmlbeans.impl.common.XBeanDebugResolving type for handle ctsheet4dbetype
16:43:01:099[main]TRACE  org.apache.xmlbeans.impl.common.XBeanDebugResolving type for handle strelationshipid1e94type
16:43:01:099[main]TRACE  org.apache.xmlbeans.impl.common.XBeanDebugResolving type for handle worksheetf539doctype
16:43:01:104[main]TRACE  org.apache.xmlbeans.impl.common.XBeanDebugResolving type for handle ctworksheet530dtype
16:43:01:113[main]TRACE  org.apache.xmlbeans.impl.common.XBeanDebugResolving type for handle ctcols627ctype
16:43:01:121[main]TRACE  org.apache.xmlbeans.impl.common.XBeanDebugResolving type for handle ctcola95ftype
16:43:01:139[main]TRACE  org.apache.xmlbeans.impl.common.XBeanDebugResolving type for handle ctsheetdata8408type
16:43:01:141[main]TRACE  org.apache.xmlbeans.impl.common.XBeanDebugResolving type for handle ctrowdd39type
16:43:01:144[main]TRACE  org.apache.xmlbeans.impl.common.XBeanDebugResolving type for handle ctcell842btype
16:43:01:149[main]TRACE  org.apache.xmlbeans.impl.common.XBeanDebugResolving type for handle stcellrefe4e0type
16:43:01:153[main]TRACE  org.apache.xmlbeans.impl.common.XBeanDebugResolving type for handle cthyperlinks6416type
16:43:01:155[main]TRACE  org.apache.xmlbeans.impl.common.XBeanDebugResolving type for handle cthyperlink0c85type
16:43:01:159[main]TRACE  org.apache.xmlbeans.impl.common.XBeanDebugResolving type for handle stxstringf179type
16:43:02:525[main]INFO   com.DataDrivenFramework.LoginFoodmanduchrome browser has been launch
16:43:06:454[main]INFO   com.DataDrivenFramework.LoginFoodmanduchrome browser has been redirect to food mandu site
16:43:06:670[main]INFO   com.DataDrivenFramework.LoginFoodmanduUser click on login button homepage
16:43:08:694[main]TRACE  org.apache.xmlbeans.impl.common.XBeanDebugResolving type for handle stcelltypebf95type
16:43:08:820[main]INFO   com.DataDrivenFramework.LoginFoodmanduuser enterbosehe4909@cucadas.comin address field
16:43:10:963[main]INFO   com.DataDrivenFramework.LoginFoodmanduuser entertest@1234in password field
16:43:14:342[main]INFO   com.DataDrivenFramework.LoginFoodmanduuser click on login button in login module
16:43:16:652[main]INFO   com.DataDrivenFramework.LoginFoodmanduuser close chrome browser
16:43:17:505[main]INFO   com.DataDrivenFramework.LoginFoodmanduchrome browser has been launch
16:43:21:323[main]INFO   com.DataDrivenFramework.LoginFoodmanduchrome browser has been redirect to food mandu site
16:43:21:499[main]INFO   com.DataDrivenFramework.LoginFoodmanduUser click on login button homepage
16:43:23:676[main]INFO   com.DataDrivenFramework.LoginFoodmanduuser enterbosehe4909@cucadas.comin address field
16:43:25:792[main]INFO   com.DataDrivenFramework.LoginFoodmanduuser entertestin password field
16:43:28:833[main]INFO   com.DataDrivenFramework.LoginFoodmanduuser click on login button in login module
16:43:31:077[main]INFO   com.DataDrivenFramework.LoginFoodmanduuser close chrome browser
16:43:31:920[main]INFO   com.DataDrivenFramework.LoginFoodmanduchrome browser has been launch
16:43:36:341[main]INFO   com.DataDrivenFramework.LoginFoodmanduchrome browser has been redirect to food mandu site
16:43:36:542[main]INFO   com.DataDrivenFramework.LoginFoodmanduUser click on login button homepage
16:43:38:700[main]INFO   com.DataDrivenFramework.LoginFoodmanduuser enterbasehe4909@cucadas.comin address field
16:43:40:860[main]INFO   com.DataDrivenFramework.LoginFoodmanduuser entertest@1234in password field
16:43:43:738[main]INFO   com.DataDrivenFramework.LoginFoodmanduuser click on login button in login module
16:43:45:956[main]INFO   com.DataDrivenFramework.LoginFoodmanduuser close chrome browser
16:43:46:731[main]INFO   com.DataDrivenFramework.LoginFoodmanduchrome browser has been launch
16:43:50:684[main]INFO   com.DataDrivenFramework.LoginFoodmanduchrome browser has been redirect to food mandu site
16:43:50:869[main]INFO   com.DataDrivenFramework.LoginFoodmanduUser click on login button homepage
16:43:53:043[main]INFO   com.DataDrivenFramework.LoginFoodmanduuser enterboaaehe4909@cucadas.comin address field
16:43:55:159[main]INFO   com.DataDrivenFramework.LoginFoodmanduuser entertestin password field
16:43:58:428[main]INFO   com.DataDrivenFramework.LoginFoodmanduuser click on login button in login module
16:44:00:672[main]INFO   com.DataDrivenFramework.LoginFoodmanduuser close chrome browser
